<?xml version="1.0" encoding="UTF-8"?>
<testng-results ignored="0" total="3" passed="3" failed="0" skipped="0">
  <reporter-output>
  </reporter-output>
  <suite started-at="2024-06-17T11:02:18 IST" name="Suite" finished-at="2024-06-17T11:03:30 IST" duration-ms="71185">
    <groups>
      <group name="cucumber">
        <method signature="AbstractTestNGCucumberTests.runScenario(io.cucumber.testng.PickleWrapper,io.cucumber.testng.FeatureWrapper)[pri:0, instance:TestRunner.TestRunner@6be968ce]" name="runScenario" class="io.cucumber.testng.AbstractTestNGCucumberTests"/>
      </group> <!-- cucumber -->
    </groups>
    <test started-at="2024-06-17T11:02:18 IST" name="Test" finished-at="2024-06-17T11:03:30 IST" duration-ms="71185">
      <class name="TestRunner.TestRunner">
        <test-method is-config="true" signature="setUpClass(org.testng.ITestContext)[pri:0, instance:TestRunner.TestRunner@6be968ce]" started-at="2024-06-17T11:02:18 IST" name="setUpClass" finished-at="2024-06-17T11:02:19 IST" duration-ms="781" status="PASS">
          <params>
            <param index="0">
              <value>
                <![CDATA[org.testng.TestRunner@6aae82cc]]>
              </value>
            </param>
          </params>
          <reporter-output>
          </reporter-output>
        </test-method> <!-- setUpClass -->
        <test-method signature="runScenario(io.cucumber.testng.PickleWrapper,io.cucumber.testng.FeatureWrapper)[pri:0, instance:TestRunner.TestRunner@6be968ce]" started-at="2024-06-17T11:02:19 IST" name="runScenario" description="Runs Cucumber Scenarios" data-provider="scenarios" finished-at="2024-06-17T11:02:50 IST" duration-ms="30865" status="PASS">
          <params>
            <param index="0">
              <value>
                <![CDATA["UpcomingBikes"]]>
              </value>
            </param>
            <param index="1">
              <value>
                <![CDATA["91Wheels"]]>
              </value>
            </param>
          </params>
          <reporter-output>
          </reporter-output>
        </test-method> <!-- runScenario -->
        <test-method signature="runScenario(io.cucumber.testng.PickleWrapper,io.cucumber.testng.FeatureWrapper)[pri:0, instance:TestRunner.TestRunner@6be968ce]" started-at="2024-06-17T11:02:50 IST" name="runScenario" description="Runs Cucumber Scenarios" data-provider="scenarios" finished-at="2024-06-17T11:03:09 IST" duration-ms="19177" status="PASS">
          <params>
            <param index="0">
              <value>
                <![CDATA["UsedCarsChennai"]]>
              </value>
            </param>
            <param index="1">
              <value>
                <![CDATA["91Wheels"]]>
              </value>
            </param>
          </params>
          <reporter-output>
          </reporter-output>
        </test-method> <!-- runScenario -->
        <test-method signature="runScenario(io.cucumber.testng.PickleWrapper,io.cucumber.testng.FeatureWrapper)[pri:0, instance:TestRunner.TestRunner@6be968ce]" started-at="2024-06-17T11:03:09 IST" name="runScenario" description="Runs Cucumber Scenarios" data-provider="scenarios" finished-at="2024-06-17T11:03:29 IST" duration-ms="20076" status="PASS">
          <params>
            <param index="0">
              <value>
                <![CDATA["GoogleLogin"]]>
              </value>
            </param>
            <param index="1">
              <value>
                <![CDATA["91Wheels"]]>
              </value>
            </param>
          </params>
          <reporter-output>
          </reporter-output>
        </test-method> <!-- runScenario -->
        <test-method is-config="true" signature="tearDownClass()[pri:0, instance:TestRunner.TestRunner@6be968ce]" started-at="2024-06-17T11:03:29 IST" name="tearDownClass" finished-at="2024-06-17T11:03:30 IST" duration-ms="246" status="PASS">
          <reporter-output>
          </reporter-output>
        </test-method> <!-- tearDownClass -->
      </class> <!-- TestRunner.TestRunner -->
    </test> <!-- Test -->
  </suite> <!-- Suite -->
</testng-results>
